<?xml version="1.0" encoding="UTF-8"?>
<testng-results ignored="0" total="1" passed="1" failed="0" skipped="0">
  <reporter-output>
  </reporter-output>
  <suite started-at="2022-10-18T11:10:11 GMT-04:00" name="Command line suite" finished-at="2022-10-18T11:10:11 GMT-04:00" duration-ms="41">
    <groups>
    </groups>
    <test started-at="2022-10-18T11:10:11 GMT-04:00" name="Command line test" finished-at="2022-10-18T11:10:11 GMT-04:00" duration-ms="41">
      <class name="QAMaven.AppTest">
        <test-method signature="testApp()[pri:0, instance:testApp(QAMaven.AppTest)]" started-at="2022-10-18T11:10:11 GMT-04:00" name="testApp" finished-at="2022-10-18T11:10:11 GMT-04:00" duration-ms="3" status="PASS">
          <reporter-output>
          </reporter-output>
        </test-method> <!-- testApp -->
      </class> <!-- QAMaven.AppTest -->
    </test> <!-- Command line test -->
  </suite> <!-- Command line suite -->
</testng-results>
