<?xml version="1.0" encoding="UTF-8"?>
<testng-results ignored="0" total="1" passed="1" failed="0" skipped="0">
  <reporter-output>
  </reporter-output>
  <suite started-at="2022-10-18T11:10:01 GMT-04:00" name="Command line suite" finished-at="2022-10-18T11:10:10 GMT-04:00" duration-ms="8724">
    <groups>
    </groups>
    <test started-at="2022-10-18T11:10:01 GMT-04:00" name="Command line test" finished-at="2022-10-18T11:10:10 GMT-04:00" duration-ms="8724">
      <class name="QAMaven.UTTest">
        <test-method signature="stratBrowser()[pri:0, instance:QAMaven.UTTest@6293abcc]" started-at="2022-10-18T11:10:02 GMT-04:00" name="stratBrowser" finished-at="2022-10-18T11:10:10 GMT-04:00" duration-ms="8610" status="PASS">
          <reporter-output>
          </reporter-output>
        </test-method> <!-- stratBrowser -->
      </class> <!-- QAMaven.UTTest -->
    </test> <!-- Command line test -->
  </suite> <!-- Command line suite -->
</testng-results>
